2025-03-25 10:02:52.640 | INFO     | main:<module>:12 - Starting app: SITE_URL=https://bet365.ca, HEADLESS_MODE=True
2025-03-25 10:07:09.546 | INFO     | main:<module>:12 - Starting app: SITE_URL=https://bet365.ca, HEADLESS_MODE=True
2025-03-25 11:10:27.086 | INFO     | main:<module>:12 - Starting app: SITE_URL=https://www.on.bet365.ca/#/IP, HEADLESS_MODE=True
2025-03-25 11:10:57.726 | INFO     | main:<module>:12 - Starting app: SITE_URL=https://www.on.bet365.ca/#/IP, HEADLESS_MODE=True
2025-03-25 11:11:00.262 | INFO     | main:<module>:12 - Starting app: SITE_URL=https://www.on.bet365.ca/#/IP, HEADLESS_MODE=True
2025-03-25 11:11:03.795 | INFO     | main:<module>:12 - Starting app: SITE_URL=https://www.on.bet365.ca/#/IP, HEADLESS_MODE=True
2025-03-25 11:12:49.494 | INFO     | main:<module>:12 - Starting app: SITE_URL=https://www.on.bet365.ca/#/IP, HEADLESS_MODE=True
2025-03-25 11:35:32.232 | INFO     | main:<module>:12 - Starting app: SITE_URL=https://www.on.bet365.ca/#/IP, HEADLESS_MODE=True
2025-03-25 11:36:00.422 | INFO     | main:<module>:12 - Starting app: SITE_URL=https://www.on.bet365.ca/#/IP, HEADLESS_MODE=True
2025-03-25 11:36:18.288 | INFO     | main:<module>:12 - Starting app: SITE_URL=https://www.on.bet365.ca/#/IP, HEADLESS_MODE=True
2025-03-25 11:36:20.807 | INFO     | main:<module>:12 - Starting app: SITE_URL=https://www.on.bet365.ca/#/IP, HEADLESS_MODE=True
2025-03-25 11:36:34.161 | INFO     | main:<module>:12 - Starting app: SITE_URL=https://www.on.bet365.ca/#/IP, HEADLESS_MODE=True
2025-03-25 11:37:04.262 | INFO     | main:<module>:12 - Starting app: SITE_URL=https://www.on.bet365.ca/#/IP, HEADLESS_MODE=True
2025-03-25 11:39:24.747 | INFO     | main:<module>:12 - Starting app: SITE_URL=https://www.on.bet365.ca/#/IP, HEADLESS_MODE=True
2025-03-25 11:40:03.121 | INFO     | main:<module>:12 - Starting app: SITE_URL=https://www.on.bet365.ca/#/IP, HEADLESS_MODE=True
2025-03-25 11:42:48.886 | INFO     | main:<module>:12 - Starting app: SITE_URL=https://www.on.bet365.ca/#/IP, HEADLESS_MODE=True
2025-03-25 11:42:50.855 | INFO     | main:<module>:12 - Starting app: SITE_URL=https://www.on.bet365.ca/#/IP, HEADLESS_MODE=True
2025-03-25 11:42:57.762 | INFO     | main:<module>:12 - Starting app: SITE_URL=https://www.on.bet365.ca/#/IP, HEADLESS_MODE=True
2025-03-25 11:43:21.378 | INFO     | main:<module>:12 - Starting app: SITE_URL=https://www.on.bet365.ca/#/IP, HEADLESS_MODE=True
2025-03-25 11:43:23.021 | INFO     | main:<module>:12 - Starting app: SITE_URL=https://www.on.bet365.ca/#/IP, HEADLESS_MODE=True
2025-03-25 11:43:38.901 | INFO     | main:<module>:12 - Starting app: SITE_URL=https://www.on.bet365.ca/#/IP, HEADLESS_MODE=True
2025-03-25 11:43:55.924 | INFO     | main:<module>:12 - Starting app: SITE_URL=https://www.on.bet365.ca/#/IP, HEADLESS_MODE=True
2025-03-25 11:44:04.100 | INFO     | main:<module>:12 - Starting app: SITE_URL=https://www.on.bet365.ca/#/IP, HEADLESS_MODE=True
2025-03-25 11:50:12.958 | INFO     | main:<module>:12 - Starting app: SITE_URL=https://www.on.bet365.ca/#/IP, HEADLESS_MODE=True
2025-03-25 11:50:31.460 | INFO     | main:<module>:12 - Starting app: SITE_URL=https://www.on.bet365.ca/#/IP, HEADLESS_MODE=True
2025-03-25 11:50:35.009 | INFO     | main:<module>:12 - Starting app: SITE_URL=https://www.on.bet365.ca/#/IP, HEADLESS_MODE=True
2025-03-25 11:50:39.586 | INFO     | main:<module>:12 - Starting app: SITE_URL=https://www.on.bet365.ca/#/IP, HEADLESS_MODE=True
2025-03-25 11:50:40.281 | INFO     | main:<module>:12 - Starting app: SITE_URL=https://www.on.bet365.ca/#/IP, HEADLESS_MODE=True
2025-03-25 11:51:02.995 | INFO     | main:<module>:12 - Starting app: SITE_URL=https://www.on.bet365.ca/#/IP, HEADLESS_MODE=True
2025-03-25 11:52:44.690 | INFO     | main:<module>:12 - Starting app: SITE_URL=https://www.on.bet365.ca/#/IP, HEADLESS_MODE=True
2025-03-25 11:53:50.118 | INFO     | main:<module>:12 - Starting app: SITE_URL=https://www.on.bet365.ca/#/IP, HEADLESS_MODE=True
2025-03-25 11:54:06.282 | INFO     | main:<module>:12 - Starting app: SITE_URL=https://www.on.bet365.ca/#/IP, HEADLESS_MODE=True
2025-03-25 12:06:58.657 | INFO     | main:<module>:13 - Starting app: SITE_URL=https://www.on.bet365.ca/#/IP, HEADLESS_MODE=True
2025-03-25 12:18:45.414 | INFO     | main:<module>:13 - Starting app: SITE_URL=https://www.on.bet365.ca/#/IP, HEADLESS_MODE=True
2025-03-25 12:20:46.969 | INFO     | main:<module>:13 - Starting app: SITE_URL=https://www.on.bet365.ca/#/IP, HEADLESS_MODE=True
2025-03-25 12:20:50.943 | INFO     | main:<module>:15 - Starting app: SITE_URL=https://www.on.bet365.ca/#/IP, HEADLESS_MODE=True
2025-03-25 12:20:53.827 | INFO     | main:<module>:15 - Starting app: SITE_URL=https://www.on.bet365.ca/#/IP, HEADLESS_MODE=True
2025-03-25 12:21:02.755 | INFO     | main:<module>:15 - Starting app: SITE_URL=https://www.on.bet365.ca/#/IP, HEADLESS_MODE=True
2025-03-25 12:21:06.067 | INFO     | main:<module>:15 - Starting app: SITE_URL=https://www.on.bet365.ca/#/IP, HEADLESS_MODE=True
2025-03-25 12:26:53.623 | INFO     | main:<module>:15 - Starting app: SITE_URL=https://www.on.bet365.ca/#/IP, HEADLESS_MODE=True
2025-03-25 12:29:04.139 | INFO     | main:<module>:15 - Starting app: SITE_URL=https://www.on.bet365.ca/#/IP, HEADLESS_MODE=False
2025-03-25 12:29:35.490 | INFO     | main:<module>:15 - Starting app: SITE_URL=https://www.on.bet365.ca/#/IP, HEADLESS_MODE=False
2025-03-25 12:29:55.674 | INFO     | main:<module>:15 - Starting app: SITE_URL=https://www.on.bet365.ca/#/IP, HEADLESS_MODE=True
2025-03-25 13:01:46.934 | INFO     | main:<module>:15 - Starting app: SITE_URL=https://www.on.bet365.ca/#/IP, HEADLESS_MODE=True
2025-03-25 13:02:39.605 | INFO     | main:<module>:15 - Starting app: SITE_URL=https://www.on.bet365.ca/#/IP, HEADLESS_MODE=True
2025-03-25 13:02:48.201 | INFO     | main:<module>:15 - Starting app: SITE_URL=https://www.on.bet365.ca/#/IP, HEADLESS_MODE=True
2025-03-25 13:07:12.743 | INFO     | main:<module>:15 - Starting app: SITE_URL=https://www.on.bet365.ca/#/IP, HEADLESS_MODE=True
2025-03-27 08:17:36.518 | INFO     | __main__:<module>:16 - Starting app: SITE_URL=https://www.on.bet365.ca, HEADLESS_MODE=True
2025-03-27 08:23:19.106 | INFO     | __main__:<module>:12 - Starting app: SITE_URL=https://www.on.bet365.ca, HEADLESS_MODE=True
2025-03-27 08:24:28.018 | INFO     | __main__:<module>:12 - Starting app: SITE_URL=https://www.on.bet365.ca, HEADLESS_MODE=True
2025-03-27 08:24:47.041 | INFO     | __main__:<module>:12 - Starting app: SITE_URL=https://www.on.bet365.ca, HEADLESS_MODE=True
2025-03-27 08:25:15.996 | INFO     | main:<module>:12 - Starting app: SITE_URL=https://www.on.bet365.ca, HEADLESS_MODE=True
2025-03-27 08:26:28.699 | INFO     | main:<module>:12 - Starting app: SITE_URL=https://www.on.bet365.ca, HEADLESS_MODE=True
2025-03-27 08:26:44.179 | INFO     | main:<module>:12 - Starting app: SITE_URL=https://www.on.bet365.ca, HEADLESS_MODE=True
2025-03-27 08:26:45.918 | INFO     | main:<module>:12 - Starting app: SITE_URL=https://www.on.bet365.ca, HEADLESS_MODE=True
2025-03-27 08:26:48.051 | INFO     | main:<module>:12 - Starting app: SITE_URL=https://www.on.bet365.ca, HEADLESS_MODE=True
2025-03-27 08:26:50.493 | INFO     | main:<module>:12 - Starting app: SITE_URL=https://www.on.bet365.ca, HEADLESS_MODE=True
2025-03-27 08:26:53.052 | INFO     | main:<module>:12 - Starting app: SITE_URL=https://www.on.bet365.ca, HEADLESS_MODE=True
2025-03-27 08:27:56.689 | INFO     | main:<module>:12 - Starting app: SITE_URL=https://www.on.bet365.ca, HEADLESS_MODE=False
2025-03-27 08:29:06.388 | INFO     | main:<module>:12 - Starting app: SITE_URL=https://www.on.bet365.ca, HEADLESS_MODE=False
2025-03-27 08:31:19.531 | INFO     | main:<module>:12 - Starting app: SITE_URL=https://www.on.bet365.ca, HEADLESS_MODE=False
2025-03-27 08:31:22.695 | INFO     | main:<module>:12 - Starting app: SITE_URL=https://www.on.bet365.ca, HEADLESS_MODE=False
2025-03-27 08:31:25.246 | INFO     | main:<module>:12 - Starting app: SITE_URL=https://www.on.bet365.ca, HEADLESS_MODE=False
2025-03-27 08:31:31.832 | INFO     | main:<module>:12 - Starting app: SITE_URL=https://www.on.bet365.ca, HEADLESS_MODE=False
2025-03-27 08:31:33.970 | INFO     | main:<module>:12 - Starting app: SITE_URL=https://www.on.bet365.ca, HEADLESS_MODE=False
2025-03-27 08:31:57.151 | INFO     | main:<module>:12 - Starting app: SITE_URL=https://www.on.bet365.ca, HEADLESS_MODE=False
2025-03-27 08:32:02.045 | INFO     | main:<module>:12 - Starting app: SITE_URL=https://www.on.bet365.ca, HEADLESS_MODE=False
2025-03-27 08:32:10.967 | INFO     | main:<module>:12 - Starting app: SITE_URL=https://www.on.bet365.ca, HEADLESS_MODE=False
2025-03-27 08:32:13.134 | INFO     | main:<module>:12 - Starting app: SITE_URL=https://www.on.bet365.ca, HEADLESS_MODE=False
2025-03-27 08:32:15.565 | INFO     | main:<module>:12 - Starting app: SITE_URL=https://www.on.bet365.ca, HEADLESS_MODE=False
2025-03-27 08:32:18.818 | INFO     | main:<module>:12 - Starting app: SITE_URL=https://www.on.bet365.ca, HEADLESS_MODE=False
2025-03-27 08:32:57.143 | INFO     | main:<module>:12 - Starting app: SITE_URL=https://www.on.bet365.ca, HEADLESS_MODE=False
2025-03-27 08:33:06.163 | INFO     | main:<module>:12 - Starting app: SITE_URL=https://www.on.bet365.ca, HEADLESS_MODE=False
2025-03-27 08:33:27.188 | INFO     | main:<module>:12 - Starting app: SITE_URL=https://www.on.bet365.ca, HEADLESS_MODE=False
2025-03-27 08:33:59.150 | INFO     | main:<module>:12 - Starting app: SITE_URL=https://www.on.bet365.ca, HEADLESS_MODE=False
2025-03-27 08:34:01.201 | INFO     | main:<module>:12 - Starting app: SITE_URL=https://www.on.bet365.ca, HEADLESS_MODE=False
2025-03-27 08:34:02.345 | INFO     | main:<module>:12 - Starting app: SITE_URL=https://www.on.bet365.ca, HEADLESS_MODE=False
2025-03-27 08:34:03.468 | INFO     | main:<module>:12 - Starting app: SITE_URL=https://www.on.bet365.ca, HEADLESS_MODE=False
2025-03-27 08:34:20.264 | INFO     | main:<module>:12 - Starting app: SITE_URL=https://www.on.bet365.ca/#/IP, HEADLESS_MODE=False
2025-03-27 08:35:41.059 | INFO     | main:<module>:12 - Starting app: SITE_URL=https://www.on.bet365.ca/#/IP, HEADLESS_MODE=False
2025-03-27 08:39:21.722 | INFO     | main:<module>:12 - Starting app: SITE_URL=https://www.on.bet365.ca/#/IP, HEADLESS_MODE=False
2025-03-27 08:39:55.440 | INFO     | main:<module>:12 - Starting app: SITE_URL=https://www.on.bet365.ca/, HEADLESS_MODE=False
2025-03-27 08:40:36.220 | INFO     | main:<module>:12 - Starting app: SITE_URL=https://www.on.bet365.ca/, HEADLESS_MODE=False
